2016/02/27 15:04:25 /home/bryce/code/gocode/src/github.com/mnhkahn/cygo/utils/goget/goget.go:155: Download 0 to 1.
2016/02/27 15:04:30 /home/bryce/code/gocode/src/github.com/mnhkahn/cygo/utils/goget/goget.go:155: Download 1 to 2.
2016/02/27 15:04:48 Download 0 to 1.
2016/02/27 15:04:53 Download 1 to 2.
2016/02/27 15:04:58 Download 2 to 3.
2016/02/27 15:05:03 Download 3 to 4.
2016/02/27 15:07:59 Download block 0 to 1.
2016/02/27 15:09:44 Download block 0 to 1.
2016/02/27 15:09:49 Download block 1 to 2.
2016/02/27 15:09:54 Download block 2 to 3.
2016/02/27 15:09:59 Download block 3 to 4.
2016/02/27 15:10:04 Download block 4 to 5.
2016/02/27 15:10:09 Download block 5 to 6.
2016/02/27 15:10:14 Download block 6 to 7.
2016/02/27 15:11:12 Download block 0 to 1.
2016/02/27 15:11:17 Download block 1 to 2.
2016/02/27 15:11:38 Download block 0 to 1.
2016/02/27 15:11:43 Download block 1 to 2.
2016/02/27 15:11:48 Download block 2 to 3.
2016/02/27 15:11:53 Download block 3 to 4.
2016/02/27 15:11:58 Download block 4 to 5.
2016/02/27 15:12:03 Download block 5 to 6.
2016/02/27 15:12:08 Download block 6 to 7.
2016/02/27 15:12:13 Download block 7 to 8.
2016/02/27 15:12:18 Download block 8 to 9.
2016/02/27 15:12:23 Download block 9 to 10.
2016/02/27 15:16:48 Download block 0 to 1.
2016/02/27 15:16:53 Download block 1 to 2.
2016/02/27 15:16:58 Download block 2 to 3.
2016/02/27 15:17:03 Download block 3 to 4.
2016/02/27 15:17:08 Download block 4 to 5.
2016/02/27 15:17:13 Download block 5 to 6.
2016/02/27 15:17:18 Download block 6 to 7.
2016/02/27 15:17:23 Download block 7 to 8.
2016/02/27 15:17:28 Download block 8 to 9.
2016/02/27 15:17:33 Download block 9 to 10.
2016/02/27 15:19:03 Download block 0 to 1.
2016/02/27 15:19:08 Download block 1 to 2.
2016/02/27 15:19:13 Download block 2 to 3.
2016/02/27 15:19:18 Download block 3 to 4.
2016/02/27 15:19:23 Download block 4 to 5.
2016/02/27 15:19:28 Download block 5 to 6.
2016/02/27 15:19:33 Download block 6 to 7.
2016/02/27 15:19:38 Download block 7 to 8.
2016/02/27 15:19:43 Download block 8 to 9.
2016/02/27 15:19:48 Download block 9 to 10.
2016/02/27 15:20:35 Download block 1 to 2.
2016/02/27 15:20:35 Download block 0 to 1.
2016/02/27 15:20:40 Download block 2 to 3.
2016/02/27 15:20:40 Download block 3 to 4.
2016/02/27 15:20:45 Download block 4 to 5.
2016/02/27 15:20:45 Download block 5 to 6.
2016/02/27 15:20:50 Download block 7 to 8.
2016/02/27 15:20:50 Download block 6 to 7.
2016/02/27 15:20:55 Download block 8 to 9.
2016/02/27 15:20:55 Download block 9 to 10.
2016/02/27 15:21:31 Download block 0 to 1048576.
2016/02/27 15:21:34 Download block 0 to 1048576.
2016/02/27 15:22:12 Download block 0 to 1048576.
2016/02/27 15:22:18 Download block 0 to 1048576.
2016/02/27 15:23:24 Download block 0 to 1048576.
2016/02/27 15:25:23 Download block 0 to 1048576.
2016/02/27 15:25:57 Download block 0 to 1048576.
2016/02/27 15:26:24 Download block 0 to 0.
2016/02/27 15:27:15 Download block 0 to 14246.
2016/02/27 15:28:00 Download block 0 to 14247.
2016/02/27 15:28:20 Download block [0 14247).
2016/02/27 15:36:51 Download block [0 14246].
2016/02/27 15:37:19 Download block [0 14246].
2016/02/27 15:40:10 Download block [0-14246].
2016/02/27 15:47:21 Download block [0-14246].
2016/02/27 15:48:12 Download block [0-14246].
2016/02/27 20:46:24 Download block [0-14246].
2016/02/27 20:47:11 Download block [0-14246].
2016/02/27 20:54:03 Download block [0-1048575].
2016/02/27 20:54:13 Download block [1048576-2097151].
2016/02/27 20:54:24 Download block [2097152-3145727].
2016/02/27 20:54:35 Download block [3145728-4194303].
2016/02/27 20:54:48 Download block [4194304-5242879].
2016/02/27 20:54:59 Download block [5242880-6291455].
2016/02/27 20:55:10 Download block [6291456-7340031].
2016/02/27 20:55:20 Download block [7340032-8388607].
2016/02/27 20:55:31 Download block [8388608-9437183].
2016/02/27 20:55:41 Download block [9437184-10485759].
2016/02/27 20:55:52 Download block [10485760-11534335].
2016/02/27 20:56:02 Download block [11534336-12582911].
2016/02/27 20:56:13 Download block [12582912-13631487].
2016/02/27 20:56:23 Download block [13631488-14680063].
2016/02/27 20:56:38 Download block [14680064-15728639].
2016/02/27 20:56:50 Download block [15728640-16777215].
2016/02/27 20:57:00 Download block [16777216-17825791].
2016/02/27 20:57:10 Download block [17825792-18874367].
2016/02/27 20:57:20 Download block [18874368-19922943].
2016/02/27 20:57:30 Download block [19922944-20971519].
2016/02/27 20:57:41 Download block [20971520-22020095].
2016/02/27 20:57:51 Download block [22020096-23068671].
2016/02/27 20:58:01 Download block [23068672-24117247].
2016/02/27 20:58:11 Download block [24117248-25040857].
2016/02/27 21:02:01 Download block [0-14246].
2016/02/27 21:02:29 Download block [0-14246].
2016/02/27 21:04:05 Download block [0-14246].
2016/02/27 21:04:19 Download block [0-14246].
2016/02/27 21:04:28 Download block [0-14246].
2016/02/27 21:07:49 Download block [0-14246].
2016/02/27 21:07:58 Download block [0-1048575].
2016/02/27 21:08:09 Download block [1048576-2097151].
2016/02/27 21:08:19 Download block [2097152-3145727].
2016/02/27 21:08:29 Download block [3145728-4194303].
2016/02/27 21:08:40 Download block [4194304-5242879].
2016/02/27 21:08:50 Download block [5242880-6291455].
2016/02/27 21:09:01 Download block [6291456-7340031].
2016/02/27 21:09:11 Download block [7340032-8388607].
2016/02/27 21:09:21 Download block [8388608-9437183].
2016/02/27 21:09:31 Download block [9437184-10485759].
2016/02/27 21:09:42 Download block [10485760-11534335].
2016/02/27 21:09:52 Download block [11534336-12582911].
2016/02/27 21:10:02 Download block [12582912-13631487].
2016/02/27 21:10:26 Download block [13631488-14680063].
2016/02/27 21:12:36 Download block [0-1048575].
2016/02/27 21:12:36 Download block [1048576-2097151].
2016/02/27 21:12:36 Download block [2097152-3145727].
2016/02/27 21:12:36 Download block [3145728-4194303].
2016/02/27 21:12:36 Download block [4194304-5242879].
2016/02/27 21:12:36 Download block [5242880-6291455].
2016/02/27 21:12:36 Download block [6291456-7340031].
2016/02/27 21:12:37 Download block [7340032-8388607].
2016/02/27 21:12:37 Download block [8388608-9437183].
2016/02/27 21:12:37 Download block [9437184-10485759].
2016/02/27 21:12:46 Download block [10485760-11534335].
2016/02/27 21:12:46 Download block [11534336-12582911].
2016/02/27 21:12:47 Download block [12582912-13631487].
2016/02/27 21:12:47 Download block [13631488-14680063].
2016/02/27 21:12:47 Download block [14680064-15728639].
2016/02/27 21:12:47 Download block [15728640-16777215].
2016/02/27 21:12:47 Download block [16777216-17825791].
2016/02/27 21:12:47 Download block [17825792-18874367].
2016/02/27 21:12:47 Download block [18874368-19922943].
2016/02/27 21:12:47 Download block [19922944-20971519].
2016/02/27 21:12:56 Download block [20971520-22020095].
2016/02/27 21:12:57 Download block [22020096-23068671].
2016/02/27 21:12:57 Download block [23068672-24117247].
2016/02/27 21:12:57 Download block [24117248-25040857].
2016/02/27 21:16:49 Download block [0-1048575].
2016/02/27 21:16:49 Download block [1048576-2097151].
2016/02/27 21:16:49 Download block [2097152-3145727].
2016/02/27 21:16:49 Download block [3145728-4194303].
2016/02/27 21:16:49 Download block [4194304-5242879].
2016/02/27 21:16:49 Download block [5242880-6291455].
2016/02/27 21:16:49 Download block [6291456-7340031].
2016/02/27 21:16:49 Download block [7340032-8388607].
2016/02/27 21:16:49 Download block [8388608-9437183].
2016/02/27 21:16:49 Download block [9437184-10485759].
2016/02/27 21:16:58 Download block [10485760-11534335].
2016/02/27 21:16:59 Download block [11534336-12582911].
2016/02/27 21:16:59 Download block [12582912-13631487].
2016/02/27 21:16:59 Download block [13631488-14680063].
2016/02/27 21:16:59 Download block [14680064-15728639].
2016/02/27 21:16:59 Download block [15728640-16777215].
2016/02/27 21:16:59 Download block [16777216-17825791].
2016/02/27 21:16:59 Download block [17825792-18874367].
2016/02/27 21:16:59 Download block [18874368-19922943].
2016/02/27 21:17:00 Download block [19922944-20971519].
2016/02/27 21:17:08 Download block [20971520-22020095].
2016/02/27 21:17:09 Download block [22020096-23068671].
2016/02/27 21:17:09 Download block [23068672-24117247].
2016/02/27 21:17:09 Download block [24117248-25040857].
2016/02/27 21:18:09 Download block [0-1048575].
2016/02/27 21:18:09 Download block [1048576-2097151].
2016/02/27 21:18:09 Download block [2097152-3145727].
2016/02/27 21:18:09 Download block [3145728-4194303].
2016/02/27 21:18:09 Download block [4194304-5242879].
2016/02/27 21:18:09 Download block [5242880-6291455].
2016/02/27 21:18:09 Download block [6291456-7340031].
2016/02/27 21:18:09 Download block [7340032-8388607].
2016/02/27 21:18:09 Download block [8388608-9437183].
2016/02/27 21:18:09 Download block [9437184-10485759].
2016/02/27 21:18:50 Download block [10485760-11534335].
2016/02/27 21:18:50 Download block [11534336-12582911].
2016/02/27 21:18:50 Download block [12582912-13631487].
2016/02/27 21:18:50 Download block [13631488-14680063].
2016/02/27 21:18:50 Download block [14680064-15728639].
2016/02/27 21:18:51 Download block [15728640-16777215].
2016/02/27 21:18:51 Download block [16777216-17825791].
2016/02/27 21:18:54 Download block [17825792-18874367].
2016/02/27 21:18:58 Download block [18874368-19922943].
2016/02/27 21:19:03 Download block [19922944-20971519].
2016/02/27 21:19:29 Download block [20971520-22020095].
2016/02/27 21:19:30 Download block [22020096-23068671].
2016/02/27 21:19:30 Download block [23068672-24117247].
2016/02/27 21:19:30 Download block [24117248-25165823].
2016/02/27 21:19:30 Download block [25165824-26214399].
2016/02/27 21:19:31 Download block [26214400-27262975].
2016/02/27 21:19:32 Download block [27262976-28311551].
2016/02/27 21:19:35 Download block [28311552-29360127].
2016/02/27 21:19:45 Download block [29360128-30408703].
2016/02/27 21:19:50 Download block [30408704-31457279].
2016/02/27 21:20:09 Download block [31457280-32505855].
2016/02/27 21:20:09 Download block [32505856-33554431].
2016/02/27 21:20:10 Download block [33554432-34603007].
2016/02/27 21:20:10 Download block [34603008-35651583].
2016/02/27 21:20:10 Download block [35651584-36700159].
2016/02/27 21:20:11 Download block [36700160-37748735].
2016/02/27 21:20:11 Download block [37748736-38797311].
2016/02/27 21:20:16 Download block [38797312-39845887].
2016/02/27 21:20:30 Download block [39845888-40894463].
2016/02/27 21:20:36 Download block [40894464-41943039].
2016/02/27 21:20:49 Download block [41943040-42991615].
2016/02/27 21:20:50 Download block [42991616-44040191].
2016/02/27 21:20:50 Download block [44040192-45088767].
2016/02/27 21:20:50 Download block [45088768-46137343].
2016/02/27 21:20:51 Download block [46137344-47185919].
2016/02/27 21:20:51 Download block [47185920-48234495].
2016/02/27 21:20:51 Download block [48234496-49283071].
2016/02/27 21:20:57 Download block [49283072-50331647].
2016/02/27 21:21:22 Download block [50331648-51380223].
2016/02/27 21:21:24 Download block [51380224-52428799].
2016/02/27 21:21:29 Download block [52428800-53477375].
2016/02/27 21:21:30 Download block [53477376-54525951].
2016/02/27 21:21:30 Download block [54525952-55574527].
2016/02/27 21:21:30 Download block [55574528-56623103].
2016/02/27 21:21:31 Download block [56623104-57671679].
2016/02/27 21:21:31 Download block [57671680-58720255].
2016/02/27 21:21:31 Download block [58720256-59768831].
2016/02/27 21:21:41 Download block [59768832-60817407].
2016/02/27 21:22:05 Download block [60817408-61865983].
2016/02/27 21:22:07 Download block [61865984-62098165].
2016/02/27 21:23:34 Download block [0-1048575].
2016/02/27 21:23:34 Download block [1048576-2097151].
2016/02/27 21:23:34 Download block [2097152-3145727].
2016/02/27 21:23:34 Download block [3145728-4194303].
2016/02/27 21:23:34 Download block [4194304-5242879].
2016/02/27 21:23:34 Download block [5242880-6291455].
2016/02/27 21:23:34 Download block [6291456-7340031].
2016/02/27 21:23:34 Download block [7340032-8388607].
2016/02/27 21:23:34 Download block [8388608-9437183].
2016/02/27 21:23:34 Download block [9437184-10485759].
2016/02/27 21:23:34 Download block [10485760-11534335].
2016/02/27 21:23:34 Download block [11534336-12582911].
2016/02/27 21:23:34 Download block [12582912-13631487].
2016/02/27 21:23:34 Download block [13631488-14680063].
2016/02/27 21:23:35 Download block [14680064-15728639].
2016/02/27 21:23:35 Download block [15728640-16777215].
2016/02/27 21:23:35 Download block [16777216-17825791].
2016/02/27 21:23:35 Download block [17825792-18874367].
2016/02/27 21:23:35 Download block [18874368-19922943].
2016/02/27 21:23:35 Download block [19922944-20971519].
2016/02/27 21:23:39 Download block [20971520-22020095].
2016/02/27 21:23:40 Download block [22020096-23068671].
2016/02/27 21:23:40 Download block [23068672-24117247].
2016/02/27 21:23:41 Download block [24117248-25165823].
2016/02/27 21:23:41 Download block [25165824-26214399].
2016/02/27 21:23:41 Download block [26214400-27262975].
2016/02/27 21:23:41 Download block [27262976-28311551].
2016/02/27 21:23:41 Download block [28311552-29360127].
2016/02/27 21:23:42 Download block [29360128-30408703].
2016/02/27 21:23:42 Download block [30408704-31457279].
2016/02/27 21:23:42 Download block [31457280-32505855].
2016/02/27 21:23:43 Download block [32505856-33554431].
2016/02/27 21:23:43 Download block [33554432-34603007].
2016/02/27 21:23:43 Download block [34603008-35651583].
2016/02/27 21:23:44 Download block [35651584-36700159].
2016/02/27 21:23:45 Download block [36700160-37748735].
2016/02/27 21:23:45 Download block [37748736-38797311].
2016/02/27 21:23:46 Download block [38797312-39845887].
2016/02/27 21:23:46 Download block [39845888-40894463].
2016/02/27 21:23:46 Download block [40894464-41943039].
2016/02/27 21:23:46 Download block [41943040-42991615].
2016/02/27 21:23:47 Download block [42991616-44040191].
2016/02/27 21:23:47 Download block [44040192-45088767].
2016/02/27 21:23:47 Download block [45088768-46137343].
2016/02/27 21:23:47 Download block [46137344-47185919].
2016/02/27 21:23:49 Download block [47185920-48234495].
2016/02/27 21:23:49 Download block [48234496-49283071].
2016/02/27 21:23:50 Download block [49283072-50331647].
2016/02/27 21:23:50 Download block [50331648-51380223].
2016/02/27 21:23:50 Download block [51380224-52428799].
2016/02/27 21:23:50 Download block [52428800-53477375].
2016/02/27 21:23:50 Download block [53477376-54525951].
2016/02/27 21:23:50 Download block [54525952-55574527].
2016/02/27 21:23:51 Download block [55574528-56623103].
2016/02/27 21:23:51 Download block [56623104-57671679].
2016/02/27 21:23:52 Download block [57671680-58720255].
2016/02/27 21:23:52 Download block [58720256-59768831].
2016/02/27 21:23:53 Download block [59768832-60817407].
2016/02/27 21:23:55 Download block [60817408-61865983].
2016/02/27 21:23:55 Download block [61865984-62914559].
2016/02/27 21:23:56 Download block [62914560-63163423].
